31_01_2023 22:47:12 -- ui -- INFO -- Запуск приложения
31_01_2023 22:47:14 -- ui -- INFO -- Добавляем студента
31_01_2023 22:48:22 -- ui -- INFO -- Запуск приложения
31_01_2023 22:48:27 -- ui -- INFO -- Вывод всей БД
31_01_2023 22:54:44 -- ui -- INFO -- Запуск приложения
31_01_2023 22:54:50 -- ui -- INFO -- Вывод всей БД
31_01_2023 22:56:39 -- ui -- INFO -- Запуск приложения
31_01_2023 22:56:45 -- ui -- INFO -- Изменяем данные31_01_2023 22:58:15 -- ui -- INFO -- Запуск приложения
31_01_2023 22:58:23 -- ui -- INFO -- Изменяем данные
31_01_2023 22:58:54 -- ui -- INFO -- Запуск приложения
31_01_2023 22:58:56 -- ui -- INFO -- Поиск студента
31_01_2023 22:59:06 -- ui -- INFO -- Запуск приложения
31_01_2023 22:59:11 -- ui -- INFO -- Вывод всей БД
31_01_2023 23:01:32 -- ui -- INFO -- Запуск приложения
31_01_2023 23:01:36 -- ui -- INFO -- Поиск студента
31_01_2023 23:03:43 -- ui -- INFO -- Запуск приложения
31_01_2023 23:03:45 -- ui -- INFO -- Поиск студента
31_01_2023 23:04:02 -- ui -- INFO -- Запуск приложения
31_01_2023 23:04:07 -- ui -- INFO -- Вывод всей БД
31_01_2023 23:04:13 -- ui -- INFO -- Запуск приложения
31_01_2023 23:04:18 -- ui -- INFO -- Поиск студента
31_01_2023 23:05:36 -- ui -- INFO -- Запуск приложения
31_01_2023 23:05:41 -- ui -- INFO -- Поиск студента
31_01_2023 23:08:25 -- ui -- INFO -- Запуск приложения
31_01_2023 23:08:28 -- ui -- INFO -- Изменяем данные
31_01_2023 23:17:57 -- ui -- INFO -- Запуск приложения
31_01_2023 23:18:00 -- ui -- INFO -- Изменяем данные
31_01_2023 23:18:47 -- ui -- INFO -- Запуск приложения
31_01_2023 23:18:52 -- ui -- INFO -- Вывод всей БД
31_01_2023 23:31:44 -- ui -- INFO -- Запуск приложения
31_01_2023 23:31:48 -- ui -- INFO -- Изменяем данные
31_01_2023 23:38:27 -- ui -- INFO -- Запуск приложения
31_01_2023 23:38:31 -- ui -- INFO -- Изменяем данные
31_01_2023 23:39:27 -- ui -- INFO -- Запуск приложения
31_01_2023 23:39:30 -- ui -- INFO -- Изменяем данные
31_01_2023 23:40:50 -- ui -- INFO -- Запуск приложения
31_01_2023 23:40:54 -- ui -- INFO -- Вывод всей БД
31_01_2023 23:41:00 -- ui -- INFO -- Запуск приложения
31_01_2023 23:41:03 -- ui -- INFO -- Удаление студента
31_01_2023 23:41:49 -- ui -- INFO -- Запуск приложения
31_01_2023 23:41:55 -- ui -- INFO -- Удаление студента
31_01_2023 23:42:40 -- ui -- INFO -- Запуск приложения
31_01_2023 23:42:43 -- ui -- INFO -- Удаление студента
31_01_2023 23:45:10 -- ui -- INFO -- Запуск приложения
31_01_2023 23:45:13 -- ui -- INFO -- Удаление студента
31_01_2023 23:45:40 -- ui -- INFO -- Запуск приложения
31_01_2023 23:45:45 -- ui -- INFO -- Удаление студента
31_01_2023 23:45:55 -- ui -- INFO -- Запуск приложения
31_01_2023 23:46:01 -- ui -- INFO -- Вывод всей БД
31_01_2023 23:49:03 -- ui -- INFO -- Запуск приложения
31_01_2023 23:49:07 -- ui -- INFO -- Удаление студента
31_01_2023 23:49:31 -- ui -- INFO -- Запуск приложения
31_01_2023 23:49:36 -- ui -- INFO -- Удаление студента
31_01_2023 23:50:44 -- ui -- INFO -- Запуск приложения
31_01_2023 23:50:46 -- ui -- INFO -- Удаление студента
31_01_2023 23:51:02 -- ui -- INFO -- Запуск приложения
31_01_2023 23:51:07 -- ui -- INFO -- Удаление студента
31_01_2023 23:52:20 -- ui -- INFO -- Запуск приложения
31_01_2023 23:52:23 -- ui -- INFO -- Удаление студента
31_01_2023 23:52:41 -- ui -- INFO -- Запуск приложения
31_01_2023 23:52:44 -- ui -- INFO -- Удаление студента
31_01_2023 23:52:51 -- ui -- INFO -- Запуск приложения
31_01_2023 23:52:54 -- ui -- INFO -- Вывод всей БД
31_01_2023 23:54:56 -- ui -- INFO -- Запуск приложения
31_01_2023 23:54:59 -- ui -- INFO -- Удаление студента
31_01_2023 23:55:35 -- ui -- INFO -- Запуск приложения
31_01_2023 23:55:37 -- ui -- INFO -- Удаление студента
31_01_2023 23:57:48 -- ui -- INFO -- Запуск приложения
31_01_2023 23:57:54 -- ui -- INFO -- Удаление студента
31_01_2023 23:57:59 -- ui -- INFO -- Запуск приложения
31_01_2023 23:58:04 -- ui -- INFO -- Вывод всей БД
31_01_2023 23:59:12 -- ui -- INFO -- Запуск приложения
31_01_2023 23:59:18 -- ui -- INFO -- Поиск студента
01_02_2023 00:03:55 -- ui -- INFO -- Запуск приложения
01_02_2023 00:04:00 -- ui -- INFO -- Вывод всей БД
01_02_2023 00:04:05 -- ui -- INFO -- Запуск приложения
01_02_2023 00:04:13 -- ui -- INFO -- Поиск студента
01_02_2023 00:04:14 -- excep -- INFO -- Поиск студента ваы
01_02_2023 00:04:17 -- excep -- INFO -- Поиск студента ваваы
01_02_2023 00:04:19 -- excep -- INFO -- Поиск студента 00
01_02_2023 00:04:21 -- excep -- INFO -- Поиск студента 00
01_02_2023 00:04:23 -- excep -- INFO -- Поиск студента 00
01_02_2023 00:04:44 -- excep -- INFO -- Поиск студента 00
01_02_2023 00:04:49 -- ui -- INFO -- Запуск приложения
01_02_2023 00:05:05 -- ui -- ERROR -- Некорректный выбор режима
01_02_2023 00:05:10 -- ui -- INFO -- Запуск приложения
01_02_2023 00:05:15 -- ui -- INFO -- Поиск студента
01_02_2023 00:05:18 -- excep -- INFO -- Поиск студента sdfs
01_02_2023 00:05:20 -- excep -- INFO -- Поиск студента 00
01_02_2023 00:05:21 -- excep -- INFO -- Поиск студента 00
01_02_2023 00:05:23 -- excep -- INFO -- Поиск студента 00
01_02_2023 00:08:53 -- excep -- INFO -- Поиск студента & C:/Users/zabab/AppData/Local/Programs/Python/Python310/python.exe c:/Users/zabab/Desktop/hog_bd/Project_Hagwarts/main.py
01_02_2023 00:08:59 -- excep -- INFO -- Поиск студента & C:/Users/zabab/AppData/Local/Programs/Python/Python310/python.exe c:/Users/zabab/Desktop/hog_bd/Project_Hagwarts/main.py
01_02_2023 00:09:01 -- excep -- INFO -- Поиск студента & C:/Users/zabab/AppData/Local/Programs/Python/Python310/python.exe c:/Users/zabab/Desktop/hog_bd/Project_Hagwarts/main.py
01_02_2023 00:09:07 -- ui -- INFO -- Запуск приложения
01_02_2023 00:09:13 -- ui -- INFO -- Поиск студента
01_02_2023 00:09:15 -- excep -- INFO -- Поиск студента dsd
01_02_2023 00:09:22 -- ui -- INFO -- Запуск приложения
01_02_2023 00:09:29 -- ui -- INFO -- Поиск студента
01_02_2023 00:09:34 -- excep -- INFO -- Поиск студента Harry
01_02_2023 00:09:53 -- ui -- INFO -- Запуск приложения
01_02_2023 00:10:00 -- ui -- INFO -- Поиск студента
01_02_2023 00:10:04 -- excep -- INFO -- Поиск студента Harry
01_02_2023 00:11:42 -- ui -- INFO -- Запуск приложения
01_02_2023 00:11:44 -- ui -- INFO -- Выход
01_02_2023 00:11:47 -- ui -- INFO -- Запуск приложения
01_02_2023 00:11:51 -- ui -- INFO -- Поиск студента
01_02_2023 00:11:54 -- excep -- INFO -- Поиск студента dfd
01_02_2023 00:11:56 -- excep -- INFO -- Поиск студента 1
01_02_2023 00:12:29 -- ui -- INFO -- Запуск приложения
01_02_2023 00:13:36 -- ui -- INFO -- Добавляем студента01_02_2023 00:16:13 -- ui -- INFO -- Запуск приложения
01_02_2023 00:16:16 -- ui -- INFO -- Добавляем студента01_02_2023 00:17:31 -- ui -- INFO -- Запуск приложения
01_02_2023 00:17:33 -- ui -- INFO -- Добавляем студента01_02_2023 00:18:31 -- ui -- INFO -- Запуск приложения
01_02_2023 00:18:34 -- ui -- INFO -- Добавляем студента
01_02_2023 00:18:37 -- excep -- ERROR -- Ошибка при вводе параметра Имя
01_02_2023 00:18:51 -- excep -- ERROR -- Ошибка при вводе параметра Фамилия
01_02_2023 00:19:16 -- excep -- ERROR -- Ошибка при вводе параметра Фамилия
01_02_2023 00:21:20 -- ui -- INFO -- Запуск приложения
01_02_2023 00:21:23 -- ui -- INFO -- Добавляем студента
01_02_2023 00:21:31 -- excep -- ERROR -- Ошибка при вводе параметра Имя
01_02_2023 00:21:38 -- excep -- ERROR -- Ошибка при вводе параметра Имя
01_02_2023 00:23:13 -- ui -- INFO -- Запуск приложения
01_02_2023 00:23:16 -- ui -- INFO -- Добавляем студента
01_02_2023 00:23:35 -- sql -- INFO -- Добавление студента Вася Пупкин m Gryffindorf
01_02_2023 00:23:43 -- ui -- INFO -- Запуск приложения
01_02_2023 00:23:48 -- ui -- INFO -- Вывод всей БД
01_02_2023 00:23:53 -- ui -- INFO -- Запуск приложения
01_02_2023 00:23:57 -- ui -- INFO -- Добавляем студента
01_02_2023 00:24:04 -- excep -- ERROR -- Ошибка при вводе параметра Имя
01_02_2023 00:24:29 -- sql -- INFO -- Добавление студента sdfsdf sdfsd m Slytherin
01_02_2023 00:25:12 -- ui -- INFO -- Запуск приложения
01_02_2023 00:25:16 -- ui -- INFO -- Вывод всей БД
01_02_2023 00:25:22 -- ui -- INFO -- Запуск приложения
01_02_2023 00:25:29 -- ui -- INFO -- Удаление студента
01_02_2023 00:25:36 -- ui -- INFO -- Запуск приложения
01_02_2023 00:25:43 -- ui -- INFO -- Вывод всей БД
01_02_2023 00:25:50 -- ui -- INFO -- Запуск приложения
01_02_2023 00:25:54 -- ui -- INFO -- Удаление студента
01_02_2023 00:29:57 -- ui -- INFO -- Запуск приложения
01_02_2023 00:30:01 -- ui -- INFO -- Добавляем студента
01_02_2023 00:30:14 -- excep -- ERROR -- Ошибка при вводе параметра Имя
01_02_2023 00:30:23 -- excep -- ERROR -- Ошибка при вводе параметра Фамилия
01_02_2023 00:30:38 -- sql -- INFO -- Добавление студента Вася Пупкин m Slytherin
01_02_2023 00:32:45 -- ui -- INFO -- Запуск приложения
01_02_2023 00:32:51 -- ui -- INFO -- Добавляем студента
01_02_2023 00:33:15 -- sql -- INFO -- Добавление студента Петя Петров m Hufflepuff
01_02_2023 00:33:15 -- ui -- INFO -- Запуск приложения
01_02_2023 00:33:48 -- ui -- ERROR -- Некорректный выбор режима
01_02_2023 00:33:51 -- ui -- INFO -- Запуск приложения
01_02_2023 00:34:04 -- ui -- INFO -- Удаление студента
01_02_2023 00:34:07 -- ui -- INFO -- Запуск приложения
01_02_2023 00:34:15 -- ui -- INFO -- Вывод всей БД
01_02_2023 00:34:41 -- ui -- INFO -- Запуск приложения
01_02_2023 00:34:45 -- ui -- INFO -- Удаление студента
01_02_2023 00:45:41 -- ui -- INFO -- Запуск приложения
01_02_2023 00:45:48 -- ui -- INFO -- Удаление студента
01_02_2023 00:46:24 -- ui -- INFO -- Запуск приложения
01_02_2023 00:46:27 -- ui -- INFO -- Удаление студента
01_02_2023 00:46:45 -- ui -- INFO -- Запуск приложения
01_02_2023 00:46:49 -- ui -- INFO -- Вывод всей БД
01_02_2023 00:46:49 -- ui -- INFO -- Запуск приложения
01_02_2023 00:47:08 -- ui -- INFO -- Удаление студента
01_02_2023 00:48:34 -- ui -- INFO -- Запуск приложения
01_02_2023 00:48:38 -- ui -- INFO -- Вывод всей БД
01_02_2023 00:48:38 -- ui -- INFO -- Запуск приложения
01_02_2023 00:49:18 -- ui -- INFO -- Удаление студента
01_02_2023 00:49:23 -- ui -- INFO -- Запуск приложения
01_02_2023 00:49:27 -- ui -- INFO -- Вывод всей БД
01_02_2023 00:49:27 -- ui -- INFO -- Запуск приложения
01_02_2023 00:49:38 -- ui -- INFO -- Удаление студента
01_02_2023 00:49:49 -- ui -- INFO -- Запуск приложения
01_02_2023 00:49:51 -- ui -- INFO -- Вывод всей БД
01_02_2023 00:49:51 -- ui -- INFO -- Запуск приложения
01_02_2023 00:50:00 -- ui -- INFO -- Выход
